==============================================================================
20170922 11:54:57.031 - INFO - + START SUITE: Acceptancetest [ ]
==============================================================================
20170922 11:54:57.140 - INFO - +- START SUITE: Acceptancetest.TicTacToeTests [ ]
==============================================================================
20170922 11:54:57.156 - INFO - +-- START TEST: Win Diagonally as X [ ]
------------------------------------------------------------------------------
20170922 11:54:57.172 - INFO - +--- START KW: keywords.TicTacToeKeywords.Start New Game [ ]
20170922 11:54:57.187 - INFO - +--- END KW: keywords.TicTacToeKeywords.Start New Game (15)
~~~~~~~~~~~~~~~~~~~~~~~~~~~~~~~~~~~~~~~~~~~~~~~~~~~~~~~~~~~~~~~~~~~~~~~~~~~~~~
20170922 11:54:57.187 - INFO - +--- START KW: keywords.TicTacToeKeywords.Mark Location [ 1 | 1 ]
20170922 11:54:57.203 - INFO - +--- END KW: keywords.TicTacToeKeywords.Mark Location (0)
~~~~~~~~~~~~~~~~~~~~~~~~~~~~~~~~~~~~~~~~~~~~~~~~~~~~~~~~~~~~~~~~~~~~~~~~~~~~~~
20170922 11:54:57.203 - INFO - +--- START KW: Check Location [ 1 | 1 | X ]
20170922 11:54:57.203 - INFO - +---- START KW: keywords.TicTacToeKeywords.Get Mark [ ${row} | ${col} ]
20170922 11:54:57.218 - INFO - ${m} = X
20170922 11:54:57.218 - INFO - +---- END KW: keywords.TicTacToeKeywords.Get Mark (15)
20170922 11:54:57.218 - INFO - +---- START KW: BuiltIn.Should Be Equal [ ${m} | ${mark} ]
20170922 11:54:57.234 - INFO - +---- END KW: BuiltIn.Should Be Equal (16)
20170922 11:54:57.250 - INFO - +--- END KW: Check Location (31)
~~~~~~~~~~~~~~~~~~~~~~~~~~~~~~~~~~~~~~~~~~~~~~~~~~~~~~~~~~~~~~~~~~~~~~~~~~~~~~
20170922 11:54:57.250 - INFO - +--- START KW: keywords.TicTacToeKeywords.Mark Location [ 0 | 1 ]
20170922 11:54:57.250 - INFO - +--- END KW: keywords.TicTacToeKeywords.Mark Location (0)
~~~~~~~~~~~~~~~~~~~~~~~~~~~~~~~~~~~~~~~~~~~~~~~~~~~~~~~~~~~~~~~~~~~~~~~~~~~~~~
20170922 11:54:57.250 - INFO - +--- START KW: Check Location [ 0 | 1 | O ]
20170922 11:54:57.265 - INFO - +---- START KW: keywords.TicTacToeKeywords.Get Mark [ ${row} | ${col} ]
20170922 11:54:57.281 - INFO - ${m} = O
20170922 11:54:57.281 - INFO - +---- END KW: keywords.TicTacToeKeywords.Get Mark (16)
20170922 11:54:57.281 - INFO - +---- START KW: BuiltIn.Should Be Equal [ ${m} | ${mark} ]
20170922 11:54:57.297 - INFO - +---- END KW: BuiltIn.Should Be Equal (16)
20170922 11:54:57.297 - INFO - +--- END KW: Check Location (47)
~~~~~~~~~~~~~~~~~~~~~~~~~~~~~~~~~~~~~~~~~~~~~~~~~~~~~~~~~~~~~~~~~~~~~~~~~~~~~~
20170922 11:54:57.312 - INFO - +--- START KW: keywords.TicTacToeKeywords.Mark Location [ 0 | 0 ]
20170922 11:54:57.312 - INFO - +--- END KW: keywords.TicTacToeKeywords.Mark Location (0)
~~~~~~~~~~~~~~~~~~~~~~~~~~~~~~~~~~~~~~~~~~~~~~~~~~~~~~~~~~~~~~~~~~~~~~~~~~~~~~
20170922 11:54:57.312 - INFO - +--- START KW: Check Location [ 0 | 0 | X ]
20170922 11:54:57.328 - INFO - +---- START KW: keywords.TicTacToeKeywords.Get Mark [ ${row} | ${col} ]
20170922 11:54:57.343 - INFO - ${m} = X
20170922 11:54:57.343 - INFO - +---- END KW: keywords.TicTacToeKeywords.Get Mark (15)
20170922 11:54:57.343 - INFO - +---- START KW: BuiltIn.Should Be Equal [ ${m} | ${mark} ]
20170922 11:54:57.359 - INFO - +---- END KW: BuiltIn.Should Be Equal (16)
20170922 11:54:57.359 - INFO - +--- END KW: Check Location (47)
~~~~~~~~~~~~~~~~~~~~~~~~~~~~~~~~~~~~~~~~~~~~~~~~~~~~~~~~~~~~~~~~~~~~~~~~~~~~~~
20170922 11:54:57.375 - INFO - +--- START KW: keywords.TicTacToeKeywords.Mark Location [ 0 | 2 ]
20170922 11:54:57.375 - INFO - +--- END KW: keywords.TicTacToeKeywords.Mark Location (0)
~~~~~~~~~~~~~~~~~~~~~~~~~~~~~~~~~~~~~~~~~~~~~~~~~~~~~~~~~~~~~~~~~~~~~~~~~~~~~~
20170922 11:54:57.375 - INFO - +--- START KW: Check Location [ 0 | 2 | O ]
20170922 11:54:57.406 - INFO - +---- START KW: keywords.TicTacToeKeywords.Get Mark [ ${row} | ${col} ]
20170922 11:54:57.422 - INFO - ${m} = O
20170922 11:54:57.422 - INFO - +---- END KW: keywords.TicTacToeKeywords.Get Mark (16)
20170922 11:54:57.437 - INFO - +---- START KW: BuiltIn.Should Be Equal [ ${m} | ${mark} ]
20170922 11:54:57.437 - INFO - +---- END KW: BuiltIn.Should Be Equal (0)
20170922 11:54:57.453 - INFO - +--- END KW: Check Location (78)
~~~~~~~~~~~~~~~~~~~~~~~~~~~~~~~~~~~~~~~~~~~~~~~~~~~~~~~~~~~~~~~~~~~~~~~~~~~~~~
20170922 11:54:57.468 - INFO - +--- START KW: keywords.TicTacToeKeywords.Mark Location [ 2 | 2 ]
20170922 11:54:57.468 - INFO - +--- END KW: keywords.TicTacToeKeywords.Mark Location (15)
~~~~~~~~~~~~~~~~~~~~~~~~~~~~~~~~~~~~~~~~~~~~~~~~~~~~~~~~~~~~~~~~~~~~~~~~~~~~~~
20170922 11:54:57.468 - INFO - +--- START KW: Check Location [ 2 | 2 | X ]
20170922 11:54:57.484 - INFO - +---- START KW: keywords.TicTacToeKeywords.Get Mark [ ${row} | ${col} ]
20170922 11:54:57.484 - INFO - ${m} = X
20170922 11:54:57.500 - INFO - +---- END KW: keywords.TicTacToeKeywords.Get Mark (16)
20170922 11:54:57.500 - INFO - +---- START KW: BuiltIn.Should Be Equal [ ${m} | ${mark} ]
20170922 11:54:57.500 - INFO - +---- END KW: BuiltIn.Should Be Equal (0)
20170922 11:54:57.515 - INFO - +--- END KW: Check Location (47)
~~~~~~~~~~~~~~~~~~~~~~~~~~~~~~~~~~~~~~~~~~~~~~~~~~~~~~~~~~~~~~~~~~~~~~~~~~~~~~
20170922 11:54:57.515 - INFO - +--- START KW: Winner Should Be [ X ]
20170922 11:54:57.515 - INFO - +---- START KW: keywords.TicTacToeKeywords.Get Winner [ ]
20170922 11:54:57.531 - INFO - ${m} = X
20170922 11:54:57.531 - INFO - +---- END KW: keywords.TicTacToeKeywords.Get Winner (16)
20170922 11:54:57.531 - INFO - +---- START KW: BuiltIn.Should Be Equal [ ${m} | ${mark} ]
20170922 11:54:57.547 - INFO - +---- END KW: BuiltIn.Should Be Equal (16)
20170922 11:54:57.547 - INFO - +--- END KW: Winner Should Be (32)
------------------------------------------------------------------------------
20170922 11:54:57.547 - INFO - +-- END TEST: Win Diagonally as X (391)
------------------------------------------------------------------------------
20170922 11:54:57.562 - INFO - +-- START TEST: Win Horizontally as O [ ]
------------------------------------------------------------------------------
20170922 11:54:57.562 - INFO - +--- START KW: keywords.TicTacToeKeywords.Start New Game [ ]
20170922 11:54:57.562 - INFO - +--- END KW: keywords.TicTacToeKeywords.Start New Game (0)
~~~~~~~~~~~~~~~~~~~~~~~~~~~~~~~~~~~~~~~~~~~~~~~~~~~~~~~~~~~~~~~~~~~~~~~~~~~~~~
20170922 11:54:57.578 - INFO - +--- START KW: keywords.TicTacToeKeywords.Mark Location [ 1 | 1 ]
20170922 11:54:57.578 - INFO - +--- END KW: keywords.TicTacToeKeywords.Mark Location (16)
~~~~~~~~~~~~~~~~~~~~~~~~~~~~~~~~~~~~~~~~~~~~~~~~~~~~~~~~~~~~~~~~~~~~~~~~~~~~~~
20170922 11:54:57.578 - INFO - +--- START KW: Check Location [ 1 | 1 | X ]
20170922 11:54:57.578 - INFO - +---- START KW: keywords.TicTacToeKeywords.Get Mark [ ${row} | ${col} ]
20170922 11:54:57.593 - INFO - ${m} = X
20170922 11:54:57.593 - INFO - +---- END KW: keywords.TicTacToeKeywords.Get Mark (15)
20170922 11:54:57.593 - INFO - +---- START KW: BuiltIn.Should Be Equal [ ${m} | ${mark} ]
20170922 11:54:57.609 - INFO - +---- END KW: BuiltIn.Should Be Equal (16)
20170922 11:54:57.609 - INFO - +--- END KW: Check Location (31)
~~~~~~~~~~~~~~~~~~~~~~~~~~~~~~~~~~~~~~~~~~~~~~~~~~~~~~~~~~~~~~~~~~~~~~~~~~~~~~
20170922 11:54:57.609 - INFO - +--- START KW: keywords.TicTacToeKeywords.Mark Location [ 2 | 0 ]
20170922 11:54:57.625 - INFO - +--- END KW: keywords.TicTacToeKeywords.Mark Location (16)
~~~~~~~~~~~~~~~~~~~~~~~~~~~~~~~~~~~~~~~~~~~~~~~~~~~~~~~~~~~~~~~~~~~~~~~~~~~~~~
20170922 11:54:57.625 - INFO - +--- START KW: Check Location [ 2 | 0 | O ]
20170922 11:54:57.625 - INFO - +---- START KW: keywords.TicTacToeKeywords.Get Mark [ ${row} | ${col} ]
20170922 11:54:57.640 - INFO - ${m} = O
20170922 11:54:57.640 - INFO - +---- END KW: keywords.TicTacToeKeywords.Get Mark (15)
20170922 11:54:57.640 - INFO - +---- START KW: BuiltIn.Should Be Equal [ ${m} | ${mark} ]
20170922 11:54:57.656 - INFO - +---- END KW: BuiltIn.Should Be Equal (16)
20170922 11:54:57.656 - INFO - +--- END KW: Check Location (31)
~~~~~~~~~~~~~~~~~~~~~~~~~~~~~~~~~~~~~~~~~~~~~~~~~~~~~~~~~~~~~~~~~~~~~~~~~~~~~~
20170922 11:54:57.656 - INFO - +--- START KW: keywords.TicTacToeKeywords.Mark Location [ 0 | 0 ]
20170922 11:54:57.656 - INFO - +--- END KW: keywords.TicTacToeKeywords.Mark Location (0)
~~~~~~~~~~~~~~~~~~~~~~~~~~~~~~~~~~~~~~~~~~~~~~~~~~~~~~~~~~~~~~~~~~~~~~~~~~~~~~
20170922 11:54:57.672 - INFO - +--- START KW: Check Location [ 0 | 0 | X ]
20170922 11:54:57.672 - INFO - +---- START KW: keywords.TicTacToeKeywords.Get Mark [ ${row} | ${col} ]
20170922 11:54:57.687 - INFO - ${m} = X
20170922 11:54:57.687 - INFO - +---- END KW: keywords.TicTacToeKeywords.Get Mark (15)
20170922 11:54:57.687 - INFO - +---- START KW: BuiltIn.Should Be Equal [ ${m} | ${mark} ]
20170922 11:54:57.687 - INFO - +---- END KW: BuiltIn.Should Be Equal (0)
20170922 11:54:57.703 - INFO - +--- END KW: Check Location (31)
~~~~~~~~~~~~~~~~~~~~~~~~~~~~~~~~~~~~~~~~~~~~~~~~~~~~~~~~~~~~~~~~~~~~~~~~~~~~~~
20170922 11:54:57.703 - INFO - +--- START KW: keywords.TicTacToeKeywords.Mark Location [ 2 | 2 ]
20170922 11:54:57.703 - INFO - +--- END KW: keywords.TicTacToeKeywords.Mark Location (0)
~~~~~~~~~~~~~~~~~~~~~~~~~~~~~~~~~~~~~~~~~~~~~~~~~~~~~~~~~~~~~~~~~~~~~~~~~~~~~~
20170922 11:54:57.703 - INFO - +--- START KW: Check Location [ 2 | 2 | O ]
20170922 11:54:57.718 - INFO - +---- START KW: keywords.TicTacToeKeywords.Get Mark [ ${row} | ${col} ]
20170922 11:54:57.718 - INFO - ${m} = O
20170922 11:54:57.734 - INFO - +---- END KW: keywords.TicTacToeKeywords.Get Mark (16)
20170922 11:54:57.734 - INFO - +---- START KW: BuiltIn.Should Be Equal [ ${m} | ${mark} ]
20170922 11:54:57.734 - INFO - +---- END KW: BuiltIn.Should Be Equal (0)
20170922 11:54:57.750 - INFO - +--- END KW: Check Location (47)
~~~~~~~~~~~~~~~~~~~~~~~~~~~~~~~~~~~~~~~~~~~~~~~~~~~~~~~~~~~~~~~~~~~~~~~~~~~~~~
20170922 11:54:57.750 - INFO - +--- START KW: keywords.TicTacToeKeywords.Mark Location [ 0 | 2 ]
20170922 11:54:57.750 - INFO - +--- END KW: keywords.TicTacToeKeywords.Mark Location (0)
~~~~~~~~~~~~~~~~~~~~~~~~~~~~~~~~~~~~~~~~~~~~~~~~~~~~~~~~~~~~~~~~~~~~~~~~~~~~~~
20170922 11:54:57.750 - INFO - +--- START KW: Check Location [ 0 | 2 | X ]
20170922 11:54:57.765 - INFO - +---- START KW: keywords.TicTacToeKeywords.Get Mark [ ${row} | ${col} ]
20170922 11:54:57.765 - INFO - ${m} = X
20170922 11:54:57.781 - INFO - +---- END KW: keywords.TicTacToeKeywords.Get Mark (0)
20170922 11:54:57.781 - INFO - +---- START KW: BuiltIn.Should Be Equal [ ${m} | ${mark} ]
20170922 11:54:57.781 - INFO - +---- END KW: BuiltIn.Should Be Equal (0)
20170922 11:54:57.797 - INFO - +--- END KW: Check Location (31)
~~~~~~~~~~~~~~~~~~~~~~~~~~~~~~~~~~~~~~~~~~~~~~~~~~~~~~~~~~~~~~~~~~~~~~~~~~~~~~
20170922 11:54:57.797 - INFO - +--- START KW: keywords.TicTacToeKeywords.Mark Location [ 2 | 1 ]
20170922 11:54:57.797 - INFO - +--- END KW: keywords.TicTacToeKeywords.Mark Location (0)
~~~~~~~~~~~~~~~~~~~~~~~~~~~~~~~~~~~~~~~~~~~~~~~~~~~~~~~~~~~~~~~~~~~~~~~~~~~~~~
20170922 11:54:57.797 - INFO - +--- START KW: Check Location [ 2 | 1 | O ]
20170922 11:54:57.812 - INFO - +---- START KW: keywords.TicTacToeKeywords.Get Mark [ ${row} | ${col} ]
20170922 11:54:57.812 - INFO - ${m} = O
20170922 11:54:57.812 - INFO - +---- END KW: keywords.TicTacToeKeywords.Get Mark (0)
20170922 11:54:57.828 - INFO - +---- START KW: BuiltIn.Should Be Equal [ ${m} | ${mark} ]
20170922 11:54:57.828 - INFO - +---- END KW: BuiltIn.Should Be Equal (16)
20170922 11:54:57.828 - INFO - +--- END KW: Check Location (31)
~~~~~~~~~~~~~~~~~~~~~~~~~~~~~~~~~~~~~~~~~~~~~~~~~~~~~~~~~~~~~~~~~~~~~~~~~~~~~~
20170922 11:54:57.828 - INFO - +--- START KW: Winner Should Be [ O ]
20170922 11:54:57.843 - INFO - +---- START KW: keywords.TicTacToeKeywords.Get Winner [ ]
20170922 11:54:57.843 - INFO - ${m} = O
20170922 11:54:57.843 - INFO - +---- END KW: keywords.TicTacToeKeywords.Get Winner (0)
20170922 11:54:57.843 - INFO - +---- START KW: BuiltIn.Should Be Equal [ ${m} | ${mark} ]
20170922 11:54:57.859 - INFO - +---- END KW: BuiltIn.Should Be Equal (16)
20170922 11:54:57.859 - INFO - +--- END KW: Winner Should Be (31)
------------------------------------------------------------------------------
20170922 11:54:57.859 - INFO - +-- END TEST: Win Horizontally as O (312)
------------------------------------------------------------------------------
20170922 11:54:57.859 - INFO - +-- START TEST: Force a Tie [ ]
------------------------------------------------------------------------------
20170922 11:54:57.875 - INFO - +--- START KW: keywords.TicTacToeKeywords.Start New Game [ ]
20170922 11:54:57.875 - INFO - +--- END KW: keywords.TicTacToeKeywords.Start New Game (0)
~~~~~~~~~~~~~~~~~~~~~~~~~~~~~~~~~~~~~~~~~~~~~~~~~~~~~~~~~~~~~~~~~~~~~~~~~~~~~~
20170922 11:54:57.875 - INFO - +--- START KW: keywords.TicTacToeKeywords.Mark Location [ 1 | 1 ]
20170922 11:54:57.890 - INFO - +--- END KW: keywords.TicTacToeKeywords.Mark Location (15)
~~~~~~~~~~~~~~~~~~~~~~~~~~~~~~~~~~~~~~~~~~~~~~~~~~~~~~~~~~~~~~~~~~~~~~~~~~~~~~
20170922 11:54:57.890 - INFO - +--- START KW: Check Location [ 1 | 1 | X ]
20170922 11:54:57.906 - INFO - +---- START KW: keywords.TicTacToeKeywords.Get Mark [ ${row} | ${col} ]
20170922 11:54:57.906 - INFO - ${m} = X
20170922 11:54:57.922 - INFO - +---- END KW: keywords.TicTacToeKeywords.Get Mark (0)
20170922 11:54:57.922 - INFO - +---- START KW: BuiltIn.Should Be Equal [ ${m} | ${mark} ]
20170922 11:54:57.937 - INFO - +---- END KW: BuiltIn.Should Be Equal (0)
20170922 11:54:57.937 - INFO - +--- END KW: Check Location (47)
~~~~~~~~~~~~~~~~~~~~~~~~~~~~~~~~~~~~~~~~~~~~~~~~~~~~~~~~~~~~~~~~~~~~~~~~~~~~~~
20170922 11:54:57.937 - INFO - +--- START KW: keywords.TicTacToeKeywords.Mark Location [ 0 | 0 ]
20170922 11:54:57.937 - INFO - +--- END KW: keywords.TicTacToeKeywords.Mark Location (0)
~~~~~~~~~~~~~~~~~~~~~~~~~~~~~~~~~~~~~~~~~~~~~~~~~~~~~~~~~~~~~~~~~~~~~~~~~~~~~~
20170922 11:54:57.937 - INFO - +--- START KW: Check Location [ 0 | 0 | O ]
20170922 11:54:57.953 - INFO - +---- START KW: keywords.TicTacToeKeywords.Get Mark [ ${row} | ${col} ]
20170922 11:54:57.953 - INFO - ${m} = O
20170922 11:54:57.968 - INFO - +---- END KW: keywords.TicTacToeKeywords.Get Mark (15)
20170922 11:54:57.968 - INFO - +---- START KW: BuiltIn.Should Be Equal [ ${m} | ${mark} ]
20170922 11:54:57.968 - INFO - +---- END KW: BuiltIn.Should Be Equal (0)
20170922 11:54:57.984 - INFO - +--- END KW: Check Location (47)
~~~~~~~~~~~~~~~~~~~~~~~~~~~~~~~~~~~~~~~~~~~~~~~~~~~~~~~~~~~~~~~~~~~~~~~~~~~~~~
20170922 11:54:57.984 - INFO - +--- START KW: keywords.TicTacToeKeywords.Mark Location [ 2 | 0 ]
20170922 11:54:57.984 - INFO - +--- END KW: keywords.TicTacToeKeywords.Mark Location (0)
~~~~~~~~~~~~~~~~~~~~~~~~~~~~~~~~~~~~~~~~~~~~~~~~~~~~~~~~~~~~~~~~~~~~~~~~~~~~~~
20170922 11:54:57.984 - INFO - +--- START KW: Check Location [ 2 | 0 | X ]
20170922 11:54:58.000 - INFO - +---- START KW: keywords.TicTacToeKeywords.Get Mark [ ${row} | ${col} ]
20170922 11:54:58.015 - INFO - ${m} = X
20170922 11:54:58.015 - INFO - +---- END KW: keywords.TicTacToeKeywords.Get Mark (15)
20170922 11:54:58.015 - INFO - +---- START KW: BuiltIn.Should Be Equal [ ${m} | ${mark} ]
20170922 11:54:58.015 - INFO - +---- END KW: BuiltIn.Should Be Equal (0)
20170922 11:54:58.031 - INFO - +--- END KW: Check Location (47)
~~~~~~~~~~~~~~~~~~~~~~~~~~~~~~~~~~~~~~~~~~~~~~~~~~~~~~~~~~~~~~~~~~~~~~~~~~~~~~
20170922 11:54:58.031 - INFO - +--- START KW: keywords.TicTacToeKeywords.Mark Location [ 0 | 2 ]
20170922 11:54:58.031 - INFO - +--- END KW: keywords.TicTacToeKeywords.Mark Location (0)
~~~~~~~~~~~~~~~~~~~~~~~~~~~~~~~~~~~~~~~~~~~~~~~~~~~~~~~~~~~~~~~~~~~~~~~~~~~~~~
20170922 11:54:58.031 - INFO - +--- START KW: Check Location [ 0 | 2 | O ]
20170922 11:54:58.047 - INFO - +---- START KW: keywords.TicTacToeKeywords.Get Mark [ ${row} | ${col} ]
20170922 11:54:58.047 - INFO - ${m} = O
20170922 11:54:58.062 - INFO - +---- END KW: keywords.TicTacToeKeywords.Get Mark (0)
20170922 11:54:58.062 - INFO - +---- START KW: BuiltIn.Should Be Equal [ ${m} | ${mark} ]
20170922 11:54:58.062 - INFO - +---- END KW: BuiltIn.Should Be Equal (0)
20170922 11:54:58.078 - INFO - +--- END KW: Check Location (31)
~~~~~~~~~~~~~~~~~~~~~~~~~~~~~~~~~~~~~~~~~~~~~~~~~~~~~~~~~~~~~~~~~~~~~~~~~~~~~~
20170922 11:54:58.081 - INFO - +--- START KW: keywords.TicTacToeKeywords.Mark Location [ 0 | 1 ]
20170922 11:54:58.086 - INFO - +--- END KW: keywords.TicTacToeKeywords.Mark Location (7)
~~~~~~~~~~~~~~~~~~~~~~~~~~~~~~~~~~~~~~~~~~~~~~~~~~~~~~~~~~~~~~~~~~~~~~~~~~~~~~
20170922 11:54:58.086 - INFO - +--- START KW: Check Location [ 0 | 1 | X ]
20170922 11:54:58.086 - INFO - +---- START KW: keywords.TicTacToeKeywords.Get Mark [ ${row} | ${col} ]
20170922 11:54:58.102 - INFO - ${m} = X
20170922 11:54:58.102 - INFO - +---- END KW: keywords.TicTacToeKeywords.Get Mark (16)
20170922 11:54:58.102 - INFO - +---- START KW: BuiltIn.Should Be Equal [ ${m} | ${mark} ]
20170922 11:54:58.117 - INFO - +---- END KW: BuiltIn.Should Be Equal (0)
20170922 11:54:58.117 - INFO - +--- END KW: Check Location (31)
~~~~~~~~~~~~~~~~~~~~~~~~~~~~~~~~~~~~~~~~~~~~~~~~~~~~~~~~~~~~~~~~~~~~~~~~~~~~~~
20170922 11:54:58.117 - INFO - +--- START KW: keywords.TicTacToeKeywords.Mark Location [ 2 | 1 ]
20170922 11:54:58.117 - INFO - +--- END KW: keywords.TicTacToeKeywords.Mark Location (0)
~~~~~~~~~~~~~~~~~~~~~~~~~~~~~~~~~~~~~~~~~~~~~~~~~~~~~~~~~~~~~~~~~~~~~~~~~~~~~~
20170922 11:54:58.117 - INFO - +--- START KW: Check Location [ 2 | 1 | O ]
20170922 11:54:58.133 - INFO - +---- START KW: keywords.TicTacToeKeywords.Get Mark [ ${row} | ${col} ]
20170922 11:54:58.133 - INFO - ${m} = O
20170922 11:54:58.133 - INFO - +---- END KW: keywords.TicTacToeKeywords.Get Mark (0)
20170922 11:54:58.149 - INFO - +---- START KW: BuiltIn.Should Be Equal [ ${m} | ${mark} ]
20170922 11:54:58.149 - INFO - +---- END KW: BuiltIn.Should Be Equal (0)
20170922 11:54:58.149 - INFO - +--- END KW: Check Location (32)
~~~~~~~~~~~~~~~~~~~~~~~~~~~~~~~~~~~~~~~~~~~~~~~~~~~~~~~~~~~~~~~~~~~~~~~~~~~~~~
20170922 11:54:58.164 - INFO - +--- START KW: keywords.TicTacToeKeywords.Mark Location [ 1 | 2 ]
20170922 11:54:58.164 - INFO - +--- END KW: keywords.TicTacToeKeywords.Mark Location (0)
~~~~~~~~~~~~~~~~~~~~~~~~~~~~~~~~~~~~~~~~~~~~~~~~~~~~~~~~~~~~~~~~~~~~~~~~~~~~~~
20170922 11:54:58.164 - INFO - +--- START KW: Check Location [ 1 | 2 | X ]
20170922 11:54:58.180 - INFO - +---- START KW: keywords.TicTacToeKeywords.Get Mark [ ${row} | ${col} ]
20170922 11:54:58.180 - INFO - ${m} = X
20170922 11:54:58.180 - INFO - +---- END KW: keywords.TicTacToeKeywords.Get Mark (16)
20170922 11:54:58.180 - INFO - +---- START KW: BuiltIn.Should Be Equal [ ${m} | ${mark} ]
20170922 11:54:58.196 - INFO - +---- END KW: BuiltIn.Should Be Equal (16)
20170922 11:54:58.196 - INFO - +--- END KW: Check Location (32)
~~~~~~~~~~~~~~~~~~~~~~~~~~~~~~~~~~~~~~~~~~~~~~~~~~~~~~~~~~~~~~~~~~~~~~~~~~~~~~
20170922 11:54:58.196 - INFO - +--- START KW: keywords.TicTacToeKeywords.Mark Location [ 1 | 0 ]
20170922 11:54:58.196 - INFO - +--- END KW: keywords.TicTacToeKeywords.Mark Location (0)
~~~~~~~~~~~~~~~~~~~~~~~~~~~~~~~~~~~~~~~~~~~~~~~~~~~~~~~~~~~~~~~~~~~~~~~~~~~~~~
20170922 11:54:58.196 - INFO - +--- START KW: Check Location [ 1 | 0 | O ]
20170922 11:54:58.211 - INFO - +---- START KW: keywords.TicTacToeKeywords.Get Mark [ ${row} | ${col} ]
20170922 11:54:58.211 - INFO - ${m} = O
20170922 11:54:58.211 - INFO - +---- END KW: keywords.TicTacToeKeywords.Get Mark (0)
20170922 11:54:58.211 - INFO - +---- START KW: BuiltIn.Should Be Equal [ ${m} | ${mark} ]
20170922 11:54:58.227 - INFO - +---- END KW: BuiltIn.Should Be Equal (0)
20170922 11:54:58.227 - INFO - +--- END KW: Check Location (31)
~~~~~~~~~~~~~~~~~~~~~~~~~~~~~~~~~~~~~~~~~~~~~~~~~~~~~~~~~~~~~~~~~~~~~~~~~~~~~~
20170922 11:54:58.227 - INFO - +--- START KW: keywords.TicTacToeKeywords.Mark Location [ 2 | 2 ]
20170922 11:54:58.227 - INFO - +--- END KW: keywords.TicTacToeKeywords.Mark Location (0)
~~~~~~~~~~~~~~~~~~~~~~~~~~~~~~~~~~~~~~~~~~~~~~~~~~~~~~~~~~~~~~~~~~~~~~~~~~~~~~
20170922 11:54:58.227 - INFO - +--- START KW: Check Location [ 2 | 2 | X ]
20170922 11:54:58.242 - INFO - +---- START KW: keywords.TicTacToeKeywords.Get Mark [ ${row} | ${col} ]
20170922 11:54:58.242 - INFO - ${m} = X
20170922 11:54:58.242 - INFO - +---- END KW: keywords.TicTacToeKeywords.Get Mark (0)
20170922 11:54:58.242 - INFO - +---- START KW: BuiltIn.Should Be Equal [ ${m} | ${mark} ]
20170922 11:54:58.242 - INFO - +---- END KW: BuiltIn.Should Be Equal (0)
20170922 11:54:58.258 - INFO - +--- END KW: Check Location (31)
~~~~~~~~~~~~~~~~~~~~~~~~~~~~~~~~~~~~~~~~~~~~~~~~~~~~~~~~~~~~~~~~~~~~~~~~~~~~~~
20170922 11:54:58.258 - INFO - +--- START KW: Winner Should Be [ TIE ]
20170922 11:54:58.258 - INFO - +---- START KW: keywords.TicTacToeKeywords.Get Winner [ ]
20170922 11:54:58.258 - INFO - ${m} = TIE
20170922 11:54:58.258 - INFO - +---- END KW: keywords.TicTacToeKeywords.Get Winner (0)
20170922 11:54:58.274 - INFO - +---- START KW: BuiltIn.Should Be Equal [ ${m} | ${mark} ]
20170922 11:54:58.274 - INFO - +---- END KW: BuiltIn.Should Be Equal (0)
20170922 11:54:58.274 - INFO - +--- END KW: Winner Should Be (16)
------------------------------------------------------------------------------
20170922 11:54:58.289 - INFO - +-- END TEST: Force a Tie (430)
------------------------------------------------------------------------------
20170922 11:54:58.336 - INFO - +- END SUITE: Acceptancetest.TicTacToeTests (1242)
==============================================================================
20170922 11:54:58.367 - INFO - + END SUITE: Acceptancetest (1914)
==============================================================================
